2025-06-07 21:41:00 | INFO | repo=Expense-Tracker | action=test | passed=true
2025-01-14 08:40:00 | INFO | repo=Expense-Tracker | action=commit
2025-10-23 18:50:00 | DEBUG | repo=Expense-Tracker | action=commit
2025-04-09 12:09:00 | DEBUG | repo=Expense-Tracker | action=commit
2025-03-18 10:17:00 | INFO | repo=Expense-Tracker | action=edit | files=2
2025-07-28 19:24:00 | DEBUG | repo=Expense-Tracker | action=edit | files=3
2025-03-02 18:35:00 | INFO | repo=Expense-Tracker | action=edit | files=2
2025-08-28 15:25:00 | DEBUG | repo=Expense-Tracker | action=commit
2025-01-26 21:37:00 | INFO | repo=Expense-Tracker | action=pull
2025-05-09 15:42:00 | INFO | repo=Expense-Tracker | action=commit
2025-05-16 10:27:00 | WARN | repo=Expense-Tracker | action=commit
2025-09-27 11:11:00 | WARN | repo=Expense-Tracker | action=pull
2025-05-05 15:22:00 | INFO | repo=Expense-Tracker | action=pull
2025-02-05 07:36:00 | INFO | repo=Expense-Tracker | action=pull
2025-11-11 20:57:00 | WARN | repo=Expense-Tracker | action=commit
2025-03-25 15:57:00 | DEBUG | repo=Expense-Tracker | action=commit
2025-12-03 18:19:00 | WARN | repo=Expense-Tracker | action=test | passed=true
2025-06-03 17:50:00 | INFO | repo=Expense-Tracker | action=commit
2025-09-04 11:14:00 | INFO | repo=Expense-Tracker | action=commit
2025-05-28 21:54:00 | DEBUG | repo=Expense-Tracker | action=commit
2025-10-06 08:37:00 | INFO | repo=Expense-Tracker | action=commit
2025-10-08 15:30:00 | INFO | repo=Expense-Tracker | action=commit
2025-07-02 13:40:00 | DEBUG | repo=Expense-Tracker | action=commit
2025-10-12 16:05:00 | DEBUG | repo=Expense-Tracker | action=commit
2025-02-19 16:43:00 | DEBUG | repo=Expense-Tracker | action=commit
2025-11-05 07:25:00 | INFO | repo=Expense-Tracker | action=commit
